<?xml version="1.0" encoding="UTF-8"?>
<testsuite name="org.springframework.core.env.EnvironmentSystemIntegrationTests" tests="30" skipped="0" failures="0" errors="0" timestamp="2020-06-08T09:36:20" hostname="bogon" time="1.778">
  <properties/>
  <testcase name="annotatedBeanDefinitionReader_inheritsEnvironmentFromEnvironmentCapableBDR()" classname="org.springframework.core.env.EnvironmentSystemIntegrationTests" time="0.208"/>
  <testcase name="annotationConfigApplicationContext_withProfileExpressionMatchOr()" classname="org.springframework.core.env.EnvironmentSystemIntegrationTests" time="0.019"/>
  <testcase name="annotationConfigApplicationContext_withProdEnvAndDevConfigClass()" classname="org.springframework.core.env.EnvironmentSystemIntegrationTests" time="0.019"/>
  <testcase name="annotationConfigWebApplicationContext()" classname="org.springframework.core.env.EnvironmentSystemIntegrationTests" time="0.117"/>
  <testcase name="genericXmlApplicationContext()" classname="org.springframework.core.env.EnvironmentSystemIntegrationTests" time="0.107"/>
  <testcase name="xmlWebApplicationContext()" classname="org.springframework.core.env.EnvironmentSystemIntegrationTests" time="0.203"/>
  <testcase name="mostSpecificDerivedClassDrivesEnvironment_withDevEnvAndDerivedDevConfigClass()" classname="org.springframework.core.env.EnvironmentSystemIntegrationTests" time="0.012"/>
  <testcase name="webApplicationContext()" classname="org.springframework.core.env.EnvironmentSystemIntegrationTests" time="0.014"/>
  <testcase name="staticApplicationContext()" classname="org.springframework.core.env.EnvironmentSystemIntegrationTests" time="0.005"/>
  <testcase name="abstractApplicationContextValidatesRequiredPropertiesOnRefresh()" classname="org.springframework.core.env.EnvironmentSystemIntegrationTests" time="0.024"/>
  <testcase name="resourceAdapterApplicationContext()" classname="org.springframework.core.env.EnvironmentSystemIntegrationTests" time="0.026"/>
  <testcase name="genericApplicationContext_standardEnv()" classname="org.springframework.core.env.EnvironmentSystemIntegrationTests" time="0.005"/>
  <testcase name="xmlBeanDefinitionReader_inheritsEnvironmentFromEnvironmentCapableBDR()" classname="org.springframework.core.env.EnvironmentSystemIntegrationTests" time="0.105"/>
  <testcase name="annotationConfigApplicationContext_withImportedConfigClasses()" classname="org.springframework.core.env.EnvironmentSystemIntegrationTests" time="0.006"/>
  <testcase name="annotationConfigApplicationContext_withProdEnvAndProdConfigClass()" classname="org.springframework.core.env.EnvironmentSystemIntegrationTests" time="0.005"/>
  <testcase name="mostSpecificDerivedClassDrivesEnvironment_withDerivedDevEnvAndDerivedDevConfigClass()" classname="org.springframework.core.env.EnvironmentSystemIntegrationTests" time="0.12"/>
  <testcase name="classPathXmlApplicationContext()" classname="org.springframework.core.env.EnvironmentSystemIntegrationTests" time="0.197"/>
  <testcase name="genericApplicationContext_customEnv()" classname="org.springframework.core.env.EnvironmentSystemIntegrationTests" time="0.009"/>
  <testcase name="fileSystemXmlApplicationContext()" classname="org.springframework.core.env.EnvironmentSystemIntegrationTests" time="0.237"/>
  <testcase name="classPathBeanDefinitionScanner_inheritsEnvironmentFromEnvironmentCapableBDR_scanProfileAnnotatedConfigClasses()" classname="org.springframework.core.env.EnvironmentSystemIntegrationTests" time="0.031"/>
  <testcase name="annotationConfigApplicationContext_withProfileExpressionNoMatchNone()" classname="org.springframework.core.env.EnvironmentSystemIntegrationTests" time="0.003"/>
  <testcase name="registerServletParamPropertySources_AbstractRefreshableWebApplicationContext()" classname="org.springframework.core.env.EnvironmentSystemIntegrationTests" time="0.068"/>
  <testcase name="registerServletParamPropertySources_GenericWebApplicationContext()" classname="org.springframework.core.env.EnvironmentSystemIntegrationTests" time="0.004"/>
  <testcase name="annotationConfigApplicationContext_withProfileExpressionMatchAnd()" classname="org.springframework.core.env.EnvironmentSystemIntegrationTests" time="0.013"/>
  <testcase name="classPathBeanDefinitionScanner_inheritsEnvironmentFromEnvironmentCapableBDR_scanProfileAnnotatedComponents()" classname="org.springframework.core.env.EnvironmentSystemIntegrationTests" time="0.03"/>
  <testcase name="annotationConfigApplicationContext_withPojos()" classname="org.springframework.core.env.EnvironmentSystemIntegrationTests" time="0.027"/>
  <testcase name="annotationConfigApplicationContext_withDevEnvAndDevConfigClass()" classname="org.springframework.core.env.EnvironmentSystemIntegrationTests" time="0.092"/>
  <testcase name="annotationConfigApplicationContext_withProfileExpressionNoMatchAnd()" classname="org.springframework.core.env.EnvironmentSystemIntegrationTests" time="0.013"/>
  <testcase name="registerServletParamPropertySources_StaticWebApplicationContext()" classname="org.springframework.core.env.EnvironmentSystemIntegrationTests" time="0.008"/>
  <testcase name="staticWebApplicationContext()" classname="org.springframework.core.env.EnvironmentSystemIntegrationTests" time="0.005"/>
  <system-out><![CDATA[17:36:20.161 [Test worker] DEBUG o.s.c.e.StandardEnvironment - Activating profiles [prod]
17:36:20.162 [Test worker] DEBUG o.s.c.e.StandardEnvironment - Activating profiles [dev]
17:36:20.162 [Test worker] DEBUG o.s.w.c.s.StandardServletEnvironment - Activating profiles [prod]
17:36:20.164 [Test worker] DEBUG o.s.c.s.GenericApplicationContext - Refreshing org.springframework.context.support.GenericApplicationContext@58ca04af
17:36:20.165 [Test worker] DEBUG o.s.b.f.s.DefaultListableBeanFactory - Creating shared instance of singleton bean 'org.springframework.context.annotation.internalConfigurationAnnotationProcessor'
17:36:20.342 [Test worker] DEBUG o.s.b.f.s.DefaultListableBeanFactory - Creating shared instance of singleton bean 'org.springframework.context.event.internalEventListenerProcessor'
17:36:20.342 [Test worker] DEBUG o.s.b.f.s.DefaultListableBeanFactory - Creating shared instance of singleton bean 'org.springframework.context.event.internalEventListenerFactory'
17:36:20.343 [Test worker] DEBUG o.s.b.f.s.DefaultListableBeanFactory - Creating shared instance of singleton bean 'org.springframework.context.annotation.internalAutowiredAnnotationProcessor'
17:36:20.343 [Test worker] DEBUG o.s.b.f.s.DefaultListableBeanFactory - Creating shared instance of singleton bean 'org.springframework.context.annotation.internalCommonAnnotationProcessor'
17:36:20.346 [Test worker] DEBUG o.s.b.f.s.DefaultListableBeanFactory - Creating shared instance of singleton bean 'org.springframework.context.annotation.internalPersistenceAnnotationProcessor'
17:36:20.346 [Test worker] DEBUG o.s.b.f.s.DefaultListableBeanFactory - Creating shared instance of singleton bean 'environmentSystemIntegrationTests.Config'
17:36:20.347 [Test worker] DEBUG o.s.b.f.s.DefaultListableBeanFactory - Creating shared instance of singleton bean 'org.springframework.core.env.EnvironmentSystemIntegrationTests$ProdConfig'
17:36:20.348 [Test worker] DEBUG o.s.b.f.s.DefaultListableBeanFactory - Creating shared instance of singleton bean 'prodBean'
17:36:20.355 [Test worker] DEBUG o.s.b.f.s.DefaultListableBeanFactory - Creating shared instance of singleton bean 'envAwareBean'
17:36:20.384 [Test worker] DEBUG o.s.c.e.StandardEnvironment - Activating profiles [prod]
17:36:20.384 [Test worker] DEBUG o.s.c.e.StandardEnvironment - Activating profiles [dev]
17:36:20.384 [Test worker] DEBUG o.s.w.c.s.StandardServletEnvironment - Activating profiles [prod]
17:36:20.386 [Test worker] DEBUG o.s.c.e.StandardEnvironment - Activating profiles [p3]
17:36:20.389 [Test worker] DEBUG o.s.c.a.AnnotationConfigApplicationContext - Refreshing org.springframework.context.annotation.AnnotationConfigApplicationContext@788a7a62
17:36:20.390 [Test worker] DEBUG o.s.b.f.s.DefaultListableBeanFactory - Creating shared instance of singleton bean 'org.springframework.context.annotation.internalConfigurationAnnotationProcessor'
17:36:20.395 [Test worker] DEBUG o.s.b.f.s.DefaultListableBeanFactory - Creating shared instance of singleton bean 'org.springframework.context.event.internalEventListenerProcessor'
17:36:20.396 [Test worker] DEBUG o.s.b.f.s.DefaultListableBeanFactory - Creating shared instance of singleton bean 'org.springframework.context.event.internalEventListenerFactory'
17:36:20.397 [Test worker] DEBUG o.s.b.f.s.DefaultListableBeanFactory - Creating shared instance of singleton bean 'org.springframework.context.annotation.internalAutowiredAnnotationProcessor'
17:36:20.397 [Test worker] DEBUG o.s.b.f.s.DefaultListableBeanFactory - Creating shared instance of singleton bean 'org.springframework.context.annotation.internalCommonAnnotationProcessor'
17:36:20.398 [Test worker] DEBUG o.s.b.f.s.DefaultListableBeanFactory - Creating shared instance of singleton bean 'org.springframework.context.annotation.internalPersistenceAnnotationProcessor'
17:36:20.398 [Test worker] DEBUG o.s.b.f.s.DefaultListableBeanFactory - Creating shared instance of singleton bean 'environmentSystemIntegrationTests.ProfileExpressionConfig'
17:36:20.398 [Test worker] DEBUG o.s.b.f.s.DefaultListableBeanFactory - Creating shared instance of singleton bean 'expressionBean'
17:36:20.403 [Test worker] DEBUG o.s.c.e.StandardEnvironment - Activating profiles [prod]
17:36:20.404 [Test worker] DEBUG o.s.c.e.StandardEnvironment - Activating profiles [dev]
17:36:20.404 [Test worker] DEBUG o.s.w.c.s.StandardServletEnvironment - Activating profiles [prod]
17:36:20.415 [Test worker] DEBUG o.s.c.a.AnnotationConfigApplicationContext - Refreshing org.springframework.context.annotation.AnnotationConfigApplicationContext@73d8b5b5
17:36:20.416 [Test worker] DEBUG o.s.b.f.s.DefaultListableBeanFactory - Creating shared instance of singleton bean 'org.springframework.context.annotation.internalConfigurationAnnotationProcessor'
17:36:20.416 [Test worker] DEBUG o.s.b.f.s.DefaultListableBeanFactory - Creating shared instance of singleton bean 'org.springframework.context.event.internalEventListenerProcessor'
17:36:20.417 [Test worker] DEBUG o.s.b.f.s.DefaultListableBeanFactory - Creating shared instance of singleton bean 'org.springframework.context.event.internalEventListenerFactory'
17:36:20.417 [Test worker] DEBUG o.s.b.f.s.DefaultListableBeanFactory - Creating shared instance of singleton bean 'org.springframework.context.annotation.internalAutowiredAnnotationProcessor'
17:36:20.418 [Test worker] DEBUG o.s.b.f.s.DefaultListableBeanFactory - Creating shared instance of singleton bean 'org.springframework.context.annotation.internalCommonAnnotationProcessor'
17:36:20.421 [Test worker] DEBUG o.s.b.f.s.DefaultListableBeanFactory - Creating shared instance of singleton bean 'org.springframework.context.annotation.internalPersistenceAnnotationProcessor'
17:36:20.424 [Test worker] DEBUG o.s.c.e.StandardEnvironment - Activating profiles [prod]
17:36:20.426 [Test worker] DEBUG o.s.c.e.StandardEnvironment - Activating profiles [dev]
17:36:20.426 [Test worker] DEBUG o.s.w.c.s.StandardServletEnvironment - Activating profiles [prod]
17:36:20.430 [Test worker] DEBUG o.s.w.c.s.AnnotationConfigWebApplicationContext - Refreshing Root WebApplicationContext
17:36:20.432 [Test worker] DEBUG o.s.b.f.s.DefaultListableBeanFactory - Creating shared instance of singleton bean 'org.springframework.context.annotation.internalConfigurationAnnotationProcessor'
17:36:20.433 [Test worker] DEBUG o.s.b.f.s.DefaultListableBeanFactory - Creating shared instance of singleton bean 'org.springframework.context.event.internalEventListenerProcessor'
17:36:20.434 [Test worker] DEBUG o.s.b.f.s.DefaultListableBeanFactory - Creating shared instance of singleton bean 'org.springframework.context.event.internalEventListenerFactory'
17:36:20.440 [Test worker] DEBUG o.s.b.f.s.DefaultListableBeanFactory - Creating shared instance of singleton bean 'org.springframework.context.annotation.internalAutowiredAnnotationProcessor'
17:36:20.441 [Test worker] DEBUG o.s.b.f.s.DefaultListableBeanFactory - Creating shared instance of singleton bean 'org.springframework.context.annotation.internalCommonAnnotationProcessor'
17:36:20.442 [Test worker] DEBUG o.s.b.f.s.DefaultListableBeanFactory - Creating shared instance of singleton bean 'org.springframework.context.annotation.internalPersistenceAnnotationProcessor'
17:36:20.443 [Test worker] DEBUG o.s.u.c.s.UiApplicationContextUtils - Unable to locate ThemeSource with name 'themeSource': using default [org.springframework.ui.context.support.ResourceBundleThemeSource@b99575c]
17:36:20.444 [Test worker] DEBUG o.s.b.f.s.DefaultListableBeanFactory - Creating shared instance of singleton bean 'environmentSystemIntegrationTests.EnvironmentAwareBean'
17:36:20.544 [Test worker] DEBUG o.s.c.e.StandardEnvironment - Activating profiles [prod]
17:36:20.544 [Test worker] DEBUG o.s.c.e.StandardEnvironment - Activating profiles [dev]
17:36:20.544 [Test worker] DEBUG o.s.w.c.s.StandardServletEnvironment - Activating profiles [prod]
17:36:20.578 [Test worker] DEBUG o.s.b.f.x.DefaultBeanDefinitionDocumentReader - Skipped XML bean definition file due to specified profiles [dev] not matching: class path resource [org/springframework/core/env/EnvironmentSystemIntegrationTests-context-dev.xml]
17:36:20.578 [Test worker] DEBUG o.s.b.f.x.XmlBeanDefinitionReader - Loaded 0 bean definitions from class path resource [org/springframework/core/env/EnvironmentSystemIntegrationTests-context-dev.xml]
17:36:20.649 [Test worker] DEBUG o.s.b.f.x.XmlBeanDefinitionReader - Loaded 1 bean definitions from class path resource [org/springframework/core/env/EnvironmentSystemIntegrationTests-context-prod.xml]
17:36:20.650 [Test worker] DEBUG o.s.b.f.x.XmlBeanDefinitionReader - Loaded 2 bean definitions from class path resource [org/springframework/core/env/EnvironmentSystemIntegrationTests-context.xml]
17:36:20.650 [Test worker] DEBUG o.s.c.s.GenericXmlApplicationContext - Refreshing org.springframework.context.support.GenericXmlApplicationContext@6893d341
17:36:20.650 [Test worker] DEBUG o.s.b.f.s.DefaultListableBeanFactory - Creating shared instance of singleton bean 'envAwareBean'
17:36:20.650 [Test worker] DEBUG o.s.b.f.s.DefaultListableBeanFactory - Creating shared instance of singleton bean 'prodBean'
17:36:20.652 [Test worker] DEBUG o.s.c.e.StandardEnvironment - Activating profiles [prod]
17:36:20.652 [Test worker] DEBUG o.s.c.e.StandardEnvironment - Activating profiles [dev]
17:36:20.652 [Test worker] DEBUG o.s.w.c.s.StandardServletEnvironment - Activating profiles [prod]
17:36:20.652 [Test worker] DEBUG o.s.w.c.s.XmlWebApplicationContext - Refreshing Root WebApplicationContext
17:36:20.809 [Test worker] DEBUG o.s.b.f.x.DefaultBeanDefinitionDocumentReader - Skipped XML bean definition file due to specified profiles [dev] not matching: class path resource [org/springframework/core/env/EnvironmentSystemIntegrationTests-context-dev.xml]
17:36:20.810 [Test worker] DEBUG o.s.b.f.x.XmlBeanDefinitionReader - Loaded 0 bean definitions from class path resource [org/springframework/core/env/EnvironmentSystemIntegrationTests-context-dev.xml]
17:36:20.845 [Test worker] DEBUG o.s.b.f.x.XmlBeanDefinitionReader - Loaded 1 bean definitions from class path resource [org/springframework/core/env/EnvironmentSystemIntegrationTests-context-prod.xml]
17:36:20.846 [Test worker] DEBUG o.s.b.f.x.XmlBeanDefinitionReader - Loaded 2 bean definitions from class path resource [org/springframework/core/env/EnvironmentSystemIntegrationTests-context.xml]
17:36:20.848 [Test worker] DEBUG o.s.u.c.s.UiApplicationContextUtils - Unable to locate ThemeSource with name 'themeSource': using default [org.springframework.ui.context.support.ResourceBundleThemeSource@473f7f2c]
17:36:20.848 [Test worker] DEBUG o.s.b.f.s.DefaultListableBeanFactory - Creating shared instance of singleton bean 'envAwareBean'
17:36:20.849 [Test worker] DEBUG o.s.b.f.s.DefaultListableBeanFactory - Creating shared instance of singleton bean 'prodBean'
17:36:20.855 [Test worker] DEBUG o.s.c.e.StandardEnvironment - Activating profiles [prod]
17:36:20.855 [Test worker] DEBUG o.s.c.e.StandardEnvironment - Activating profiles [dev]
17:36:20.855 [Test worker] DEBUG o.s.w.c.s.StandardServletEnvironment - Activating profiles [prod]
17:36:20.857 [Test worker] DEBUG o.s.c.a.AnnotationConfigApplicationContext - Refreshing org.springframework.context.annotation.AnnotationConfigApplicationContext@402ff66b
17:36:20.861 [Test worker] DEBUG o.s.b.f.s.DefaultListableBeanFactory - Creating shared instance of singleton bean 'org.springframework.context.annotation.internalConfigurationAnnotationProcessor'
17:36:20.862 [Test worker] DEBUG o.s.b.f.s.DefaultListableBeanFactory - Creating shared instance of singleton bean 'org.springframework.context.event.internalEventListenerProcessor'
17:36:20.863 [Test worker] DEBUG o.s.b.f.s.DefaultListableBeanFactory - Creating shared instance of singleton bean 'org.springframework.context.event.internalEventListenerFactory'
17:36:20.863 [Test worker] DEBUG o.s.b.f.s.DefaultListableBeanFactory - Creating shared instance of singleton bean 'org.springframework.context.annotation.internalAutowiredAnnotationProcessor'
17:36:20.865 [Test worker] DEBUG o.s.b.f.s.DefaultListableBeanFactory - Creating shared instance of singleton bean 'org.springframework.context.annotation.internalCommonAnnotationProcessor'
17:36:20.866 [Test worker] DEBUG o.s.b.f.s.DefaultListableBeanFactory - Creating shared instance of singleton bean 'org.springframework.context.annotation.internalPersistenceAnnotationProcessor'
17:36:20.870 [Test worker] DEBUG o.s.c.e.StandardEnvironment - Activating profiles [prod]
17:36:20.870 [Test worker] DEBUG o.s.c.e.StandardEnvironment - Activating profiles [dev]
17:36:20.870 [Test worker] DEBUG o.s.w.c.s.StandardServletEnvironment - Activating profiles [prod]
17:36:20.877 [Test worker] DEBUG o.s.w.c.s.GenericWebApplicationContext - Refreshing org.springframework.web.context.support.GenericWebApplicationContext@2f02f18c
17:36:20.879 [Test worker] DEBUG o.s.u.c.s.UiApplicationContextUtils - Unable to locate ThemeSource with name 'themeSource': using default [org.springframework.ui.context.support.ResourceBundleThemeSource@450a931e]
17:36:20.879 [Test worker] DEBUG o.s.b.f.s.DefaultListableBeanFactory - Creating shared instance of singleton bean 'envAwareBean'
17:36:20.883 [Test worker] DEBUG o.s.c.e.StandardEnvironment - Activating profiles [prod]
17:36:20.883 [Test worker] DEBUG o.s.c.e.StandardEnvironment - Activating profiles [dev]
17:36:20.883 [Test worker] DEBUG o.s.w.c.s.StandardServletEnvironment - Activating profiles [prod]
17:36:20.887 [Test worker] DEBUG o.s.c.s.StaticApplicationContext - Refreshing org.springframework.context.support.StaticApplicationContext@3e32af9
17:36:20.887 [Test worker] DEBUG o.s.b.f.s.DefaultListableBeanFactory - Creating shared instance of singleton bean 'envAwareBean'
17:36:20.890 [Test worker] DEBUG o.s.c.e.StandardEnvironment - Activating profiles [prod]
17:36:20.890 [Test worker] DEBUG o.s.c.e.StandardEnvironment - Activating profiles [dev]
17:36:20.890 [Test worker] DEBUG o.s.w.c.s.StandardServletEnvironment - Activating profiles [prod]
17:36:20.892 [Test worker] DEBUG o.s.c.a.AnnotationConfigApplicationContext - Refreshing org.springframework.context.annotation.AnnotationConfigApplicationContext@7ee9f4d7
17:36:20.892 [Test worker] DEBUG o.s.b.f.s.DefaultListableBeanFactory - Creating shared instance of singleton bean 'org.springframework.context.annotation.internalConfigurationAnnotationProcessor'
17:36:20.894 [Test worker] DEBUG o.s.b.f.s.DefaultListableBeanFactory - Creating shared instance of singleton bean 'org.springframework.context.event.internalEventListenerProcessor'
17:36:20.896 [Test worker] DEBUG o.s.b.f.s.DefaultListableBeanFactory - Creating shared instance of singleton bean 'org.springframework.context.event.internalEventListenerFactory'
17:36:20.897 [Test worker] DEBUG o.s.b.f.s.DefaultListableBeanFactory - Creating shared instance of singleton bean 'org.springframework.context.annotation.internalAutowiredAnnotationProcessor'
17:36:20.897 [Test worker] DEBUG o.s.b.f.s.DefaultListableBeanFactory - Creating shared instance of singleton bean 'org.springframework.context.annotation.internalCommonAnnotationProcessor'
17:36:20.897 [Test worker] DEBUG o.s.b.f.s.DefaultListableBeanFactory - Creating shared instance of singleton bean 'org.springframework.context.annotation.internalPersistenceAnnotationProcessor'
17:36:20.901 [Test worker] DEBUG o.s.c.a.AnnotationConfigApplicationContext - Refreshing org.springframework.context.annotation.AnnotationConfigApplicationContext@2c451542
17:36:20.906 [Test worker] DEBUG o.s.c.a.AnnotationConfigApplicationContext - Refreshing org.springframework.context.annotation.AnnotationConfigApplicationContext@1301ca4e
17:36:20.909 [Test worker] DEBUG o.s.b.f.s.DefaultListableBeanFactory - Creating shared instance of singleton bean 'org.springframework.context.annotation.internalConfigurationAnnotationProcessor'
17:36:20.910 [Test worker] DEBUG o.s.b.f.s.DefaultListableBeanFactory - Creating shared instance of singleton bean 'org.springframework.context.event.internalEventListenerProcessor'
17:36:20.910 [Test worker] DEBUG o.s.b.f.s.DefaultListableBeanFactory - Creating shared instance of singleton bean 'org.springframework.context.event.internalEventListenerFactory'
17:36:20.911 [Test worker] DEBUG o.s.b.f.s.DefaultListableBeanFactory - Creating shared instance of singleton bean 'org.springframework.context.annotation.internalAutowiredAnnotationProcessor'
17:36:20.911 [Test worker] DEBUG o.s.b.f.s.DefaultListableBeanFactory - Creating shared instance of singleton bean 'org.springframework.context.annotation.internalCommonAnnotationProcessor'
17:36:20.912 [Test worker] DEBUG o.s.b.f.s.DefaultListableBeanFactory - Creating shared instance of singleton bean 'org.springframework.context.annotation.internalPersistenceAnnotationProcessor'
17:36:20.914 [Test worker] DEBUG o.s.c.e.StandardEnvironment - Activating profiles [prod]
17:36:20.914 [Test worker] DEBUG o.s.c.e.StandardEnvironment - Activating profiles [dev]
17:36:20.920 [Test worker] DEBUG o.s.w.c.s.StandardServletEnvironment - Activating profiles [prod]
17:36:20.937 [Test worker] DEBUG o.s.j.c.ResourceAdapterApplicationContext - Refreshing org.springframework.jca.context.ResourceAdapterApplicationContext@499708aa
17:36:20.939 [Test worker] DEBUG o.s.b.f.s.DefaultListableBeanFactory - Creating shared instance of singleton bean 'envAwareBean'
17:36:20.941 [Test worker] DEBUG o.s.c.e.StandardEnvironment - Activating profiles [prod]
17:36:20.941 [Test worker] DEBUG o.s.c.e.StandardEnvironment - Activating profiles [dev]
17:36:20.942 [Test worker] DEBUG o.s.w.c.s.StandardServletEnvironment - Activating profiles [prod]
17:36:20.942 [Test worker] DEBUG o.s.c.s.GenericApplicationContext - Refreshing org.springframework.context.support.GenericApplicationContext@3f275fc4
17:36:20.942 [Test worker] DEBUG o.s.b.f.s.DefaultListableBeanFactory - Creating shared instance of singleton bean 'envAwareBean'
17:36:20.947 [Test worker] DEBUG o.s.c.e.StandardEnvironment - Activating profiles [prod]
17:36:20.947 [Test worker] DEBUG o.s.c.e.StandardEnvironment - Activating profiles [dev]
17:36:20.947 [Test worker] DEBUG o.s.w.c.s.StandardServletEnvironment - Activating profiles [prod]
17:36:21.042 [Test worker] DEBUG o.s.b.f.x.DefaultBeanDefinitionDocumentReader - Skipped XML bean definition file due to specified profiles [dev] not matching: class path resource [org/springframework/core/env/EnvironmentSystemIntegrationTests-context-dev.xml]
17:36:21.042 [Test worker] DEBUG o.s.b.f.x.XmlBeanDefinitionReader - Loaded 0 bean definitions from class path resource [org/springframework/core/env/EnvironmentSystemIntegrationTests-context-dev.xml]
17:36:21.050 [Test worker] DEBUG o.s.b.f.x.XmlBeanDefinitionReader - Loaded 1 bean definitions from class path resource [org/springframework/core/env/EnvironmentSystemIntegrationTests-context-prod.xml]
17:36:21.050 [Test worker] DEBUG o.s.b.f.x.XmlBeanDefinitionReader - Loaded 2 bean definitions from class path resource [org/springframework/core/env/EnvironmentSystemIntegrationTests-context.xml]
17:36:21.050 [Test worker] DEBUG o.s.c.s.GenericApplicationContext - Refreshing org.springframework.context.support.GenericApplicationContext@6715cdc9
17:36:21.052 [Test worker] DEBUG o.s.b.f.s.DefaultListableBeanFactory - Creating shared instance of singleton bean 'envAwareBean'
17:36:21.052 [Test worker] DEBUG o.s.b.f.s.DefaultListableBeanFactory - Creating shared instance of singleton bean 'prodBean'
17:36:21.053 [Test worker] DEBUG o.s.c.e.StandardEnvironment - Activating profiles [prod]
17:36:21.053 [Test worker] DEBUG o.s.c.e.StandardEnvironment - Activating profiles [dev]
17:36:21.053 [Test worker] DEBUG o.s.w.c.s.StandardServletEnvironment - Activating profiles [prod]
17:36:21.054 [Test worker] DEBUG o.s.c.a.AnnotationConfigApplicationContext - Refreshing org.springframework.context.annotation.AnnotationConfigApplicationContext@6900170b
17:36:21.055 [Test worker] DEBUG o.s.b.f.s.DefaultListableBeanFactory - Creating shared instance of singleton bean 'org.springframework.context.annotation.internalConfigurationAnnotationProcessor'
17:36:21.057 [Test worker] DEBUG o.s.b.f.s.DefaultListableBeanFactory - Creating shared instance of singleton bean 'org.springframework.context.event.internalEventListenerProcessor'
17:36:21.057 [Test worker] DEBUG o.s.b.f.s.DefaultListableBeanFactory - Creating shared instance of singleton bean 'org.springframework.context.event.internalEventListenerFactory'
17:36:21.057 [Test worker] DEBUG o.s.b.f.s.DefaultListableBeanFactory - Creating shared instance of singleton bean 'org.springframework.context.annotation.internalAutowiredAnnotationProcessor'
17:36:21.057 [Test worker] DEBUG o.s.b.f.s.DefaultListableBeanFactory - Creating shared instance of singleton bean 'org.springframework.context.annotation.internalCommonAnnotationProcessor'
17:36:21.057 [Test worker] DEBUG o.s.b.f.s.DefaultListableBeanFactory - Creating shared instance of singleton bean 'org.springframework.context.annotation.internalPersistenceAnnotationProcessor'
17:36:21.058 [Test worker] DEBUG o.s.b.f.s.DefaultListableBeanFactory - Creating shared instance of singleton bean 'environmentSystemIntegrationTests.Config'
17:36:21.058 [Test worker] DEBUG o.s.b.f.s.DefaultListableBeanFactory - Creating shared instance of singleton bean 'org.springframework.core.env.EnvironmentSystemIntegrationTests$ProdConfig'
17:36:21.058 [Test worker] DEBUG o.s.b.f.s.DefaultListableBeanFactory - Creating shared instance of singleton bean 'prodBean'
17:36:21.058 [Test worker] DEBUG o.s.b.f.s.DefaultListableBeanFactory - Creating shared instance of singleton bean 'envAwareBean'
17:36:21.060 [Test worker] DEBUG o.s.c.e.StandardEnvironment - Activating profiles [prod]
17:36:21.060 [Test worker] DEBUG o.s.c.e.StandardEnvironment - Activating profiles [dev]
17:36:21.060 [Test worker] DEBUG o.s.w.c.s.StandardServletEnvironment - Activating profiles [prod]
17:36:21.062 [Test worker] DEBUG o.s.c.a.AnnotationConfigApplicationContext - Refreshing org.springframework.context.annotation.AnnotationConfigApplicationContext@7332320d
17:36:21.062 [Test worker] DEBUG o.s.b.f.s.DefaultListableBeanFactory - Creating shared instance of singleton bean 'org.springframework.context.annotation.internalConfigurationAnnotationProcessor'
17:36:21.064 [Test worker] DEBUG o.s.b.f.s.DefaultListableBeanFactory - Creating shared instance of singleton bean 'org.springframework.context.event.internalEventListenerProcessor'
17:36:21.064 [Test worker] DEBUG o.s.b.f.s.DefaultListableBeanFactory - Creating shared instance of singleton bean 'org.springframework.context.event.internalEventListenerFactory'
17:36:21.064 [Test worker] DEBUG o.s.b.f.s.DefaultListableBeanFactory - Creating shared instance of singleton bean 'org.springframework.context.annotation.internalAutowiredAnnotationProcessor'
17:36:21.064 [Test worker] DEBUG o.s.b.f.s.DefaultListableBeanFactory - Creating shared instance of singleton bean 'org.springframework.context.annotation.internalCommonAnnotationProcessor'
17:36:21.064 [Test worker] DEBUG o.s.b.f.s.DefaultListableBeanFactory - Creating shared instance of singleton bean 'org.springframework.context.annotation.internalPersistenceAnnotationProcessor'
17:36:21.064 [Test worker] DEBUG o.s.b.f.s.DefaultListableBeanFactory - Creating shared instance of singleton bean 'environmentSystemIntegrationTests.ProdConfig'
17:36:21.065 [Test worker] DEBUG o.s.b.f.s.DefaultListableBeanFactory - Creating shared instance of singleton bean 'prodBean'
17:36:21.067 [Test worker] DEBUG o.s.c.e.StandardEnvironment - Activating profiles [prod]
17:36:21.067 [Test worker] DEBUG o.s.c.e.StandardEnvironment - Activating profiles [dev]
17:36:21.067 [Test worker] DEBUG o.s.w.c.s.StandardServletEnvironment - Activating profiles [prod]
17:36:21.068 [Test worker] DEBUG o.s.c.e.StandardEnvironment - Activating profiles [derivedDev]
17:36:21.068 [Test worker] DEBUG o.s.c.a.AnnotationConfigApplicationContext - Refreshing org.springframework.context.annotation.AnnotationConfigApplicationContext@6ef120a1
17:36:21.068 [Test worker] DEBUG o.s.b.f.s.DefaultListableBeanFactory - Creating shared instance of singleton bean 'org.springframework.context.annotation.internalConfigurationAnnotationProcessor'
17:36:21.073 [Test worker] DEBUG o.s.b.f.s.DefaultListableBeanFactory - Creating shared instance of singleton bean 'org.springframework.context.event.internalEventListenerProcessor'
17:36:21.074 [Test worker] DEBUG o.s.b.f.s.DefaultListableBeanFactory - Creating shared instance of singleton bean 'org.springframework.context.event.internalEventListenerFactory'
17:36:21.074 [Test worker] DEBUG o.s.b.f.s.DefaultListableBeanFactory - Creating shared instance of singleton bean 'org.springframework.context.annotation.internalAutowiredAnnotationProcessor'
17:36:21.074 [Test worker] DEBUG o.s.b.f.s.DefaultListableBeanFactory - Creating shared instance of singleton bean 'org.springframework.context.annotation.internalCommonAnnotationProcessor'
17:36:21.075 [Test worker] DEBUG o.s.b.f.s.DefaultListableBeanFactory - Creating shared instance of singleton bean 'org.springframework.context.annotation.internalPersistenceAnnotationProcessor'
17:36:21.075 [Test worker] DEBUG o.s.b.f.s.DefaultListableBeanFactory - Creating shared instance of singleton bean 'environmentSystemIntegrationTests.DerivedDevConfig'
17:36:21.076 [Test worker] DEBUG o.s.b.f.s.DefaultListableBeanFactory - Creating shared instance of singleton bean 'org.springframework.core.env.EnvironmentSystemIntegrationTests$TransitiveConfig'
17:36:21.076 [Test worker] DEBUG o.s.b.f.s.DefaultListableBeanFactory - Creating shared instance of singleton bean 'transitiveBean'
17:36:21.078 [Test worker] DEBUG o.s.b.f.s.DefaultListableBeanFactory - Creating shared instance of singleton bean 'derivedDevBean'
17:36:21.184 [Test worker] DEBUG o.s.b.f.s.DefaultListableBeanFactory - Creating shared instance of singleton bean 'devBean'
17:36:21.191 [Test worker] DEBUG o.s.c.e.StandardEnvironment - Activating profiles [prod]
17:36:21.191 [Test worker] DEBUG o.s.c.e.StandardEnvironment - Activating profiles [dev]
17:36:21.191 [Test worker] DEBUG o.s.w.c.s.StandardServletEnvironment - Activating profiles [prod]
17:36:21.191 [Test worker] DEBUG o.s.c.s.ClassPathXmlApplicationContext - Refreshing org.springframework.context.support.ClassPathXmlApplicationContext@530c1be0
17:36:21.225 [Test worker] DEBUG o.s.b.f.x.DefaultBeanDefinitionDocumentReader - Skipped XML bean definition file due to specified profiles [dev] not matching: class path resource [org/springframework/core/env/EnvironmentSystemIntegrationTests-context-dev.xml]
17:36:21.225 [Test worker] DEBUG o.s.b.f.x.XmlBeanDefinitionReader - Loaded 0 bean definitions from class path resource [org/springframework/core/env/EnvironmentSystemIntegrationTests-context-dev.xml]
17:36:21.235 [Test worker] DEBUG o.s.b.f.x.DefaultBeanDefinitionDocumentReader - Skipped XML bean definition file due to specified profiles [prod] not matching: class path resource [org/springframework/core/env/EnvironmentSystemIntegrationTests-context-prod.xml]
17:36:21.235 [Test worker] DEBUG o.s.b.f.x.XmlBeanDefinitionReader - Loaded 0 bean definitions from class path resource [org/springframework/core/env/EnvironmentSystemIntegrationTests-context-prod.xml]
17:36:21.235 [Test worker] DEBUG o.s.b.f.x.XmlBeanDefinitionReader - Loaded 1 bean definitions from class path resource [org/springframework/core/env/EnvironmentSystemIntegrationTests-context.xml]
17:36:21.236 [Test worker] DEBUG o.s.b.f.s.DefaultListableBeanFactory - Creating shared instance of singleton bean 'envAwareBean'
17:36:21.237 [Test worker] DEBUG o.s.c.s.ClassPathXmlApplicationContext - Refreshing org.springframework.context.support.ClassPathXmlApplicationContext@530c1be0
17:36:21.253 [Test worker] DEBUG o.s.b.f.x.DefaultBeanDefinitionDocumentReader - Skipped XML bean definition file due to specified profiles [dev] not matching: class path resource [org/springframework/core/env/EnvironmentSystemIntegrationTests-context-dev.xml]
17:36:21.253 [Test worker] DEBUG o.s.b.f.x.XmlBeanDefinitionReader - Loaded 0 bean definitions from class path resource [org/springframework/core/env/EnvironmentSystemIntegrationTests-context-dev.xml]
17:36:21.380 [Test worker] DEBUG o.s.b.f.x.XmlBeanDefinitionReader - Loaded 1 bean definitions from class path resource [org/springframework/core/env/EnvironmentSystemIntegrationTests-context-prod.xml]
17:36:21.380 [Test worker] DEBUG o.s.b.f.x.XmlBeanDefinitionReader - Loaded 2 bean definitions from class path resource [org/springframework/core/env/EnvironmentSystemIntegrationTests-context.xml]
17:36:21.383 [Test worker] DEBUG o.s.b.f.s.DefaultListableBeanFactory - Creating shared instance of singleton bean 'envAwareBean'
17:36:21.384 [Test worker] DEBUG o.s.b.f.s.DefaultListableBeanFactory - Creating shared instance of singleton bean 'prodBean'
17:36:21.385 [Test worker] DEBUG o.s.c.e.StandardEnvironment - Activating profiles [prod]
17:36:21.385 [Test worker] DEBUG o.s.c.e.StandardEnvironment - Activating profiles [dev]
17:36:21.386 [Test worker] DEBUG o.s.w.c.s.StandardServletEnvironment - Activating profiles [prod]
17:36:21.386 [Test worker] DEBUG o.s.c.s.GenericApplicationContext - Refreshing org.springframework.context.support.GenericApplicationContext@53c999d6
17:36:21.386 [Test worker] DEBUG o.s.b.f.s.DefaultListableBeanFactory - Creating shared instance of singleton bean 'envAwareBean'
17:36:21.396 [Test worker] DEBUG o.s.c.e.StandardEnvironment - Activating profiles [prod]
17:36:21.396 [Test worker] DEBUG o.s.c.e.StandardEnvironment - Activating profiles [dev]
17:36:21.396 [Test worker] DEBUG o.s.w.c.s.StandardServletEnvironment - Activating profiles [prod]
17:36:21.401 [Test worker] DEBUG o.s.c.s.FileSystemXmlApplicationContext - Refreshing org.springframework.context.support.FileSystemXmlApplicationContext@1bb94b86
17:36:21.436 [Test worker] DEBUG o.s.b.f.x.DefaultBeanDefinitionDocumentReader - Skipped XML bean definition file due to specified profiles [dev] not matching: class path resource [org/springframework/core/env/EnvironmentSystemIntegrationTests-context-dev.xml]
17:36:21.436 [Test worker] DEBUG o.s.b.f.x.XmlBeanDefinitionReader - Loaded 0 bean definitions from class path resource [org/springframework/core/env/EnvironmentSystemIntegrationTests-context-dev.xml]
17:36:21.628 [Test worker] DEBUG o.s.b.f.x.XmlBeanDefinitionReader - Loaded 1 bean definitions from class path resource [org/springframework/core/env/EnvironmentSystemIntegrationTests-context-prod.xml]
17:36:21.628 [Test worker] DEBUG o.s.b.f.x.XmlBeanDefinitionReader - Loaded 2 bean definitions from URL [file:/var/folders/2w/tt1p_4td3yq9xlbl7c2t4jn00000gn/T/test1241677445440462551xml]
17:36:21.629 [Test worker] DEBUG o.s.b.f.s.DefaultListableBeanFactory - Creating shared instance of singleton bean 'envAwareBean'
17:36:21.630 [Test worker] DEBUG o.s.b.f.s.DefaultListableBeanFactory - Creating shared instance of singleton bean 'prodBean'
17:36:21.633 [Test worker] DEBUG o.s.c.e.StandardEnvironment - Activating profiles [prod]
17:36:21.633 [Test worker] DEBUG o.s.c.e.StandardEnvironment - Activating profiles [dev]
17:36:21.633 [Test worker] DEBUG o.s.w.c.s.StandardServletEnvironment - Activating profiles [prod]
17:36:21.635 [Test worker] DEBUG o.s.c.a.ClassPathBeanDefinitionScanner - Identified candidate component class: file [/Users/didi/Documents/workspace/idea/spring-framework/integration-tests/build/classes/java/test/org/springframework/core/env/scan1/Config.class]
17:36:21.643 [Test worker] DEBUG o.s.c.a.ClassPathBeanDefinitionScanner - Identified candidate component class: file [/Users/didi/Documents/workspace/idea/spring-framework/integration-tests/build/classes/java/test/org/springframework/core/env/scan1/ProdConfig.class]
17:36:21.644 [Test worker] DEBUG o.s.c.s.GenericApplicationContext - Refreshing org.springframework.context.support.GenericApplicationContext@fb0cca3
17:36:21.645 [Test worker] DEBUG o.s.b.f.s.DefaultListableBeanFactory - Creating shared instance of singleton bean 'org.springframework.context.annotation.internalConfigurationAnnotationProcessor'
17:36:21.657 [Test worker] DEBUG o.s.b.f.s.DefaultListableBeanFactory - Creating shared instance of singleton bean 'org.springframework.context.event.internalEventListenerProcessor'
17:36:21.658 [Test worker] DEBUG o.s.b.f.s.DefaultListableBeanFactory - Creating shared instance of singleton bean 'org.springframework.context.event.internalEventListenerFactory'
17:36:21.658 [Test worker] DEBUG o.s.b.f.s.DefaultListableBeanFactory - Creating shared instance of singleton bean 'org.springframework.context.annotation.internalAutowiredAnnotationProcessor'
17:36:21.658 [Test worker] DEBUG o.s.b.f.s.DefaultListableBeanFactory - Creating shared instance of singleton bean 'org.springframework.context.annotation.internalCommonAnnotationProcessor'
17:36:21.658 [Test worker] DEBUG o.s.b.f.s.DefaultListableBeanFactory - Creating shared instance of singleton bean 'org.springframework.context.annotation.internalPersistenceAnnotationProcessor'
17:36:21.659 [Test worker] DEBUG o.s.b.f.s.DefaultListableBeanFactory - Creating shared instance of singleton bean 'config'
17:36:21.659 [Test worker] DEBUG o.s.b.f.s.DefaultListableBeanFactory - Creating shared instance of singleton bean 'prodConfig'
17:36:21.660 [Test worker] DEBUG o.s.b.f.s.DefaultListableBeanFactory - Creating shared instance of singleton bean 'prodBean'
17:36:21.665 [Test worker] DEBUG o.s.c.e.StandardEnvironment - Activating profiles [prod]
17:36:21.665 [Test worker] DEBUG o.s.c.e.StandardEnvironment - Activating profiles [dev]
17:36:21.665 [Test worker] DEBUG o.s.w.c.s.StandardServletEnvironment - Activating profiles [prod]
17:36:21.666 [Test worker] DEBUG o.s.c.e.StandardEnvironment - Activating profiles [p4]
17:36:21.667 [Test worker] DEBUG o.s.c.a.AnnotationConfigApplicationContext - Refreshing org.springframework.context.annotation.AnnotationConfigApplicationContext@7f7fb0c9
17:36:21.667 [Test worker] DEBUG o.s.b.f.s.DefaultListableBeanFactory - Creating shared instance of singleton bean 'org.springframework.context.annotation.internalConfigurationAnnotationProcessor'
17:36:21.667 [Test worker] DEBUG o.s.b.f.s.DefaultListableBeanFactory - Creating shared instance of singleton bean 'org.springframework.context.event.internalEventListenerProcessor'
17:36:21.667 [Test worker] DEBUG o.s.b.f.s.DefaultListableBeanFactory - Creating shared instance of singleton bean 'org.springframework.context.event.internalEventListenerFactory'
17:36:21.667 [Test worker] DEBUG o.s.b.f.s.DefaultListableBeanFactory - Creating shared instance of singleton bean 'org.springframework.context.annotation.internalAutowiredAnnotationProcessor'
17:36:21.667 [Test worker] DEBUG o.s.b.f.s.DefaultListableBeanFactory - Creating shared instance of singleton bean 'org.springframework.context.annotation.internalCommonAnnotationProcessor'
17:36:21.667 [Test worker] DEBUG o.s.b.f.s.DefaultListableBeanFactory - Creating shared instance of singleton bean 'org.springframework.context.annotation.internalPersistenceAnnotationProcessor'
17:36:21.669 [Test worker] DEBUG o.s.c.e.StandardEnvironment - Activating profiles [prod]
17:36:21.669 [Test worker] DEBUG o.s.c.e.StandardEnvironment - Activating profiles [dev]
17:36:21.669 [Test worker] DEBUG o.s.w.c.s.StandardServletEnvironment - Activating profiles [prod]
17:36:21.669 [Test worker] DEBUG o.s.w.c.s.AnnotationConfigWebApplicationContext - Refreshing Root WebApplicationContext
17:36:21.671 [Test worker] DEBUG o.s.b.f.s.DefaultListableBeanFactory - Creating shared instance of singleton bean 'org.springframework.context.annotation.internalConfigurationAnnotationProcessor'
17:36:21.671 [Test worker] DEBUG o.s.b.f.s.DefaultListableBeanFactory - Creating shared instance of singleton bean 'org.springframework.context.event.internalEventListenerProcessor'
17:36:21.671 [Test worker] DEBUG o.s.b.f.s.DefaultListableBeanFactory - Creating shared instance of singleton bean 'org.springframework.context.event.internalEventListenerFactory'
17:36:21.671 [Test worker] DEBUG o.s.b.f.s.DefaultListableBeanFactory - Creating shared instance of singleton bean 'org.springframework.context.annotation.internalAutowiredAnnotationProcessor'
17:36:21.730 [Test worker] DEBUG o.s.b.f.s.DefaultListableBeanFactory - Creating shared instance of singleton bean 'org.springframework.context.annotation.internalCommonAnnotationProcessor'
17:36:21.730 [Test worker] DEBUG o.s.b.f.s.DefaultListableBeanFactory - Creating shared instance of singleton bean 'org.springframework.context.annotation.internalPersistenceAnnotationProcessor'
17:36:21.731 [Test worker] DEBUG o.s.u.c.s.UiApplicationContextUtils - Unable to locate ThemeSource with name 'themeSource': using default [org.springframework.ui.context.support.ResourceBundleThemeSource@50fec36b]
17:36:21.731 [Test worker] DEBUG o.s.b.f.s.DefaultListableBeanFactory - Creating shared instance of singleton bean 'environmentSystemIntegrationTests.EnvironmentAwareBean'
17:36:21.732 [Test worker] DEBUG o.s.c.e.PropertySourcesPropertyResolver - Found key 'pCommon' in PropertySource 'servletConfigInitParams' with value of type String
17:36:21.735 [Test worker] DEBUG o.s.c.e.PropertySourcesPropertyResolver - Found key 'pContext1' in PropertySource 'servletContextInitParams' with value of type String
17:36:21.735 [Test worker] DEBUG o.s.c.e.PropertySourcesPropertyResolver - Found key 'pConfig1' in PropertySource 'servletConfigInitParams' with value of type String
17:36:21.735 [Test worker] DEBUG o.s.c.e.PropertySourcesPropertyResolver - Found key 'pCommon' in PropertySource 'servletConfigInitParams' with value of type String
17:36:21.736 [Test worker] DEBUG o.s.c.e.PropertySourcesPropertyResolver - Found key 'pSysProps1' in PropertySource 'systemProperties' with value of type String
17:36:21.737 [Test worker] DEBUG o.s.c.e.StandardEnvironment - Activating profiles [prod]
17:36:21.737 [Test worker] DEBUG o.s.c.e.StandardEnvironment - Activating profiles [dev]
17:36:21.737 [Test worker] DEBUG o.s.w.c.s.StandardServletEnvironment - Activating profiles [prod]
17:36:21.737 [Test worker] DEBUG o.s.w.c.s.GenericWebApplicationContext - Refreshing org.springframework.web.context.support.GenericWebApplicationContext@2b9fe6b1
17:36:21.739 [Test worker] DEBUG o.s.u.c.s.UiApplicationContextUtils - Unable to locate ThemeSource with name 'themeSource': using default [org.springframework.ui.context.support.ResourceBundleThemeSource@52615f64]
17:36:21.739 [Test worker] DEBUG o.s.c.e.PropertySourcesPropertyResolver - Found key 'pCommon' in PropertySource 'servletContextInitParams' with value of type String
17:36:21.739 [Test worker] DEBUG o.s.c.e.PropertySourcesPropertyResolver - Found key 'pContext1' in PropertySource 'servletContextInitParams' with value of type String
17:36:21.739 [Test worker] DEBUG o.s.c.e.PropertySourcesPropertyResolver - Found key 'pCommon' in PropertySource 'servletContextInitParams' with value of type String
17:36:21.740 [Test worker] DEBUG o.s.c.e.PropertySourcesPropertyResolver - Found key 'pSysProps1' in PropertySource 'systemProperties' with value of type String
17:36:21.741 [Test worker] DEBUG o.s.c.e.StandardEnvironment - Activating profiles [prod]
17:36:21.741 [Test worker] DEBUG o.s.c.e.StandardEnvironment - Activating profiles [dev]
17:36:21.741 [Test worker] DEBUG o.s.w.c.s.StandardServletEnvironment - Activating profiles [prod]
17:36:21.743 [Test worker] DEBUG o.s.c.e.StandardEnvironment - Activating profiles [p1, p2]
17:36:21.745 [Test worker] DEBUG o.s.c.a.AnnotationConfigApplicationContext - Refreshing org.springframework.context.annotation.AnnotationConfigApplicationContext@36543738
17:36:21.746 [Test worker] DEBUG o.s.b.f.s.DefaultListableBeanFactory - Creating shared instance of singleton bean 'org.springframework.context.annotation.internalConfigurationAnnotationProcessor'
17:36:21.749 [Test worker] DEBUG o.s.b.f.s.DefaultListableBeanFactory - Creating shared instance of singleton bean 'org.springframework.context.event.internalEventListenerProcessor'
17:36:21.750 [Test worker] DEBUG o.s.b.f.s.DefaultListableBeanFactory - Creating shared instance of singleton bean 'org.springframework.context.event.internalEventListenerFactory'
17:36:21.751 [Test worker] DEBUG o.s.b.f.s.DefaultListableBeanFactory - Creating shared instance of singleton bean 'org.springframework.context.annotation.internalAutowiredAnnotationProcessor'
17:36:21.751 [Test worker] DEBUG o.s.b.f.s.DefaultListableBeanFactory - Creating shared instance of singleton bean 'org.springframework.context.annotation.internalCommonAnnotationProcessor'
17:36:21.751 [Test worker] DEBUG o.s.b.f.s.DefaultListableBeanFactory - Creating shared instance of singleton bean 'org.springframework.context.annotation.internalPersistenceAnnotationProcessor'
17:36:21.752 [Test worker] DEBUG o.s.b.f.s.DefaultListableBeanFactory - Creating shared instance of singleton bean 'environmentSystemIntegrationTests.ProfileExpressionConfig'
17:36:21.753 [Test worker] DEBUG o.s.b.f.s.DefaultListableBeanFactory - Creating shared instance of singleton bean 'expressionBean'
17:36:21.756 [Test worker] DEBUG o.s.c.e.StandardEnvironment - Activating profiles [prod]
17:36:21.758 [Test worker] DEBUG o.s.c.e.StandardEnvironment - Activating profiles [dev]
17:36:21.758 [Test worker] DEBUG o.s.w.c.s.StandardServletEnvironment - Activating profiles [prod]
17:36:21.762 [Test worker] DEBUG o.s.c.a.ClassPathBeanDefinitionScanner - Identified candidate component class: file [/Users/didi/Documents/workspace/idea/spring-framework/integration-tests/build/classes/java/test/org/springframework/core/env/scan2/ProdBean.class]
17:36:21.763 [Test worker] DEBUG o.s.c.s.GenericApplicationContext - Refreshing org.springframework.context.support.GenericApplicationContext@598ecd95
17:36:21.766 [Test worker] DEBUG o.s.b.f.s.DefaultListableBeanFactory - Creating shared instance of singleton bean 'org.springframework.context.annotation.internalConfigurationAnnotationProcessor'
17:36:21.775 [Test worker] DEBUG o.s.b.f.s.DefaultListableBeanFactory - Creating shared instance of singleton bean 'org.springframework.context.event.internalEventListenerProcessor'
17:36:21.776 [Test worker] DEBUG o.s.b.f.s.DefaultListableBeanFactory - Creating shared instance of singleton bean 'org.springframework.context.event.internalEventListenerFactory'
17:36:21.778 [Test worker] DEBUG o.s.b.f.s.DefaultListableBeanFactory - Creating shared instance of singleton bean 'org.springframework.context.annotation.internalAutowiredAnnotationProcessor'
17:36:21.779 [Test worker] DEBUG o.s.b.f.s.DefaultListableBeanFactory - Creating shared instance of singleton bean 'org.springframework.context.annotation.internalCommonAnnotationProcessor'
17:36:21.781 [Test worker] DEBUG o.s.b.f.s.DefaultListableBeanFactory - Creating shared instance of singleton bean 'org.springframework.context.annotation.internalPersistenceAnnotationProcessor'
17:36:21.784 [Test worker] DEBUG o.s.b.f.s.DefaultListableBeanFactory - Creating shared instance of singleton bean 'prodBean'
17:36:21.789 [Test worker] DEBUG o.s.c.e.StandardEnvironment - Activating profiles [prod]
17:36:21.789 [Test worker] DEBUG o.s.c.e.StandardEnvironment - Activating profiles [dev]
17:36:21.789 [Test worker] DEBUG o.s.w.c.s.StandardServletEnvironment - Activating profiles [prod]
17:36:21.792 [Test worker] DEBUG o.s.c.a.AnnotationConfigApplicationContext - Refreshing org.springframework.context.annotation.AnnotationConfigApplicationContext@3175a447
17:36:21.795 [Test worker] DEBUG o.s.b.f.s.DefaultListableBeanFactory - Creating shared instance of singleton bean 'org.springframework.context.annotation.internalConfigurationAnnotationProcessor'
17:36:21.796 [Test worker] DEBUG o.s.b.f.s.DefaultListableBeanFactory - Creating shared instance of singleton bean 'org.springframework.context.event.internalEventListenerProcessor'
17:36:21.797 [Test worker] DEBUG o.s.b.f.s.DefaultListableBeanFactory - Creating shared instance of singleton bean 'org.springframework.context.event.internalEventListenerFactory'
17:36:21.798 [Test worker] DEBUG o.s.b.f.s.DefaultListableBeanFactory - Creating shared instance of singleton bean 'org.springframework.context.annotation.internalAutowiredAnnotationProcessor'
17:36:21.801 [Test worker] DEBUG o.s.b.f.s.DefaultListableBeanFactory - Creating shared instance of singleton bean 'org.springframework.context.annotation.internalCommonAnnotationProcessor'
17:36:21.812 [Test worker] DEBUG o.s.b.f.s.DefaultListableBeanFactory - Creating shared instance of singleton bean 'org.springframework.context.annotation.internalPersistenceAnnotationProcessor'
17:36:21.812 [Test worker] DEBUG o.s.b.f.s.DefaultListableBeanFactory - Creating shared instance of singleton bean 'environmentSystemIntegrationTests.EnvironmentAwareBean'
17:36:21.827 [Test worker] DEBUG o.s.c.e.StandardEnvironment - Activating profiles [prod]
17:36:21.827 [Test worker] DEBUG o.s.c.e.StandardEnvironment - Activating profiles [dev]
17:36:21.827 [Test worker] DEBUG o.s.w.c.s.StandardServletEnvironment - Activating profiles [prod]
17:36:21.830 [Test worker] DEBUG o.s.c.a.AnnotationConfigApplicationContext - Refreshing org.springframework.context.annotation.AnnotationConfigApplicationContext@35d053ca
17:36:21.831 [Test worker] DEBUG o.s.b.f.s.DefaultListableBeanFactory - Creating shared instance of singleton bean 'org.springframework.context.annotation.internalConfigurationAnnotationProcessor'
17:36:21.893 [Test worker] DEBUG o.s.b.f.s.DefaultListableBeanFactory - Creating shared instance of singleton bean 'org.springframework.context.event.internalEventListenerProcessor'
17:36:21.893 [Test worker] DEBUG o.s.b.f.s.DefaultListableBeanFactory - Creating shared instance of singleton bean 'org.springframework.context.event.internalEventListenerFactory'
17:36:21.894 [Test worker] DEBUG o.s.b.f.s.DefaultListableBeanFactory - Creating shared instance of singleton bean 'org.springframework.context.annotation.internalAutowiredAnnotationProcessor'
17:36:21.896 [Test worker] DEBUG o.s.b.f.s.DefaultListableBeanFactory - Creating shared instance of singleton bean 'org.springframework.context.annotation.internalCommonAnnotationProcessor'
17:36:21.896 [Test worker] DEBUG o.s.b.f.s.DefaultListableBeanFactory - Creating shared instance of singleton bean 'org.springframework.context.annotation.internalPersistenceAnnotationProcessor'
17:36:21.900 [Test worker] DEBUG o.s.b.f.s.DefaultListableBeanFactory - Creating shared instance of singleton bean 'environmentSystemIntegrationTests.DevConfig'
17:36:21.902 [Test worker] DEBUG o.s.b.f.s.DefaultListableBeanFactory - Creating shared instance of singleton bean 'org.springframework.core.env.EnvironmentSystemIntegrationTests$TransitiveConfig'
17:36:21.904 [Test worker] DEBUG o.s.b.f.s.DefaultListableBeanFactory - Creating shared instance of singleton bean 'transitiveBean'
17:36:21.905 [Test worker] DEBUG o.s.b.f.s.DefaultListableBeanFactory - Creating shared instance of singleton bean 'devBean'
17:36:21.912 [Test worker] DEBUG o.s.c.e.StandardEnvironment - Activating profiles [prod]
17:36:21.913 [Test worker] DEBUG o.s.c.e.StandardEnvironment - Activating profiles [dev]
17:36:21.913 [Test worker] DEBUG o.s.w.c.s.StandardServletEnvironment - Activating profiles [prod]
17:36:21.915 [Test worker] DEBUG o.s.c.e.StandardEnvironment - Activating profiles [p1]
17:36:21.917 [Test worker] DEBUG o.s.c.a.AnnotationConfigApplicationContext - Refreshing org.springframework.context.annotation.AnnotationConfigApplicationContext@157603d4
17:36:21.917 [Test worker] DEBUG o.s.b.f.s.DefaultListableBeanFactory - Creating shared instance of singleton bean 'org.springframework.context.annotation.internalConfigurationAnnotationProcessor'
17:36:21.918 [Test worker] DEBUG o.s.b.f.s.DefaultListableBeanFactory - Creating shared instance of singleton bean 'org.springframework.context.event.internalEventListenerProcessor'
17:36:21.919 [Test worker] DEBUG o.s.b.f.s.DefaultListableBeanFactory - Creating shared instance of singleton bean 'org.springframework.context.event.internalEventListenerFactory'
17:36:21.919 [Test worker] DEBUG o.s.b.f.s.DefaultListableBeanFactory - Creating shared instance of singleton bean 'org.springframework.context.annotation.internalAutowiredAnnotationProcessor'
17:36:21.920 [Test worker] DEBUG o.s.b.f.s.DefaultListableBeanFactory - Creating shared instance of singleton bean 'org.springframework.context.annotation.internalCommonAnnotationProcessor'
17:36:21.921 [Test worker] DEBUG o.s.b.f.s.DefaultListableBeanFactory - Creating shared instance of singleton bean 'org.springframework.context.annotation.internalPersistenceAnnotationProcessor'
17:36:21.927 [Test worker] DEBUG o.s.c.e.StandardEnvironment - Activating profiles [prod]
17:36:21.928 [Test worker] DEBUG o.s.c.e.StandardEnvironment - Activating profiles [dev]
17:36:21.928 [Test worker] DEBUG o.s.w.c.s.StandardServletEnvironment - Activating profiles [prod]
17:36:21.930 [Test worker] DEBUG o.s.w.c.s.StaticWebApplicationContext - Refreshing Root WebApplicationContext
17:36:21.930 [Test worker] DEBUG o.s.u.c.s.UiApplicationContextUtils - Unable to locate ThemeSource with name 'themeSource': using default [org.springframework.ui.context.support.ResourceBundleThemeSource@3e661119]
17:36:21.931 [Test worker] DEBUG o.s.c.e.PropertySourcesPropertyResolver - Found key 'pCommon' in PropertySource 'servletConfigInitParams' with value of type String
17:36:21.932 [Test worker] DEBUG o.s.c.e.PropertySourcesPropertyResolver - Found key 'pContext1' in PropertySource 'servletContextInitParams' with value of type String
17:36:21.932 [Test worker] DEBUG o.s.c.e.PropertySourcesPropertyResolver - Found key 'pConfig1' in PropertySource 'servletConfigInitParams' with value of type String
17:36:21.932 [Test worker] DEBUG o.s.c.e.PropertySourcesPropertyResolver - Found key 'pCommon' in PropertySource 'servletConfigInitParams' with value of type String
17:36:21.933 [Test worker] DEBUG o.s.c.e.PropertySourcesPropertyResolver - Found key 'pSysProps1' in PropertySource 'systemProperties' with value of type String
17:36:21.934 [Test worker] DEBUG o.s.c.e.StandardEnvironment - Activating profiles [prod]
17:36:21.934 [Test worker] DEBUG o.s.c.e.StandardEnvironment - Activating profiles [dev]
17:36:21.934 [Test worker] DEBUG o.s.w.c.s.StandardServletEnvironment - Activating profiles [prod]
17:36:21.935 [Test worker] DEBUG o.s.w.c.s.StaticWebApplicationContext - Refreshing Root WebApplicationContext
17:36:21.937 [Test worker] DEBUG o.s.u.c.s.UiApplicationContextUtils - Unable to locate ThemeSource with name 'themeSource': using default [org.springframework.ui.context.support.ResourceBundleThemeSource@5bf219b2]
17:36:21.937 [Test worker] DEBUG o.s.b.f.s.DefaultListableBeanFactory - Creating shared instance of singleton bean 'envAwareBean'
]]></system-out>
  <system-err><![CDATA[]]></system-err>
</testsuite>
