<?xml version="1.0" encoding="UTF-8"?>
<testsuite name="org.springframework.beans.factory.xml.ComponentBeanDefinitionParserTests" tests="3" skipped="0" failures="0" errors="0" timestamp="2020-06-08T09:36:18" hostname="bogon" time="0.033">
  <properties/>
  <testcase name="testBionicFirstLevelChildren()" classname="org.springframework.beans.factory.xml.ComponentBeanDefinitionParserTests" time="0.03"/>
  <testcase name="testBionicBasic()" classname="org.springframework.beans.factory.xml.ComponentBeanDefinitionParserTests" time="0.002"/>
  <testcase name="testBionicSecondLevelChildren()" classname="org.springframework.beans.factory.xml.ComponentBeanDefinitionParserTests" time="0.001"/>
  <system-out><![CDATA[17:36:18.475 [Test worker] DEBUG o.s.b.f.x.XmlBeanDefinitionReader - Loaded 1 bean definitions from class path resource [org/springframework/beans/factory/xml/component-config.xml]
17:36:18.476 [Test worker] DEBUG o.s.b.f.s.DefaultListableBeanFactory - Creating shared instance of singleton bean 'bionic-family'
]]></system-out>
  <system-err><![CDATA[]]></system-err>
</testsuite>
