<?xml version="1.0" encoding="UTF-8"?>
<testsuite name="org.springframework.context.annotation.scope.ClassPathBeanDefinitionScannerScopeIntegrationTests" tests="9" skipped="0" failures="0" errors="0" timestamp="2020-06-08T09:36:19" hostname="bogon" time="0.497">
  <properties/>
  <testcase name="sessionScopeWithNoProxy()" classname="org.springframework.context.annotation.scope.ClassPathBeanDefinitionScannerScopeIntegrationTests" time="0.014"/>
  <testcase name="requestScopeWithNoProxy()" classname="org.springframework.context.annotation.scope.ClassPathBeanDefinitionScannerScopeIntegrationTests" time="0.01"/>
  <testcase name="singletonScopeWithNoProxy()" classname="org.springframework.context.annotation.scope.ClassPathBeanDefinitionScannerScopeIntegrationTests" time="0.022"/>
  <testcase name="sessionScopeWithProxiedTargetClass()" classname="org.springframework.context.annotation.scope.ClassPathBeanDefinitionScannerScopeIntegrationTests" time="0.184"/>
  <testcase name="singletonScopeIgnoresProxyInterfaces()" classname="org.springframework.context.annotation.scope.ClassPathBeanDefinitionScannerScopeIntegrationTests" time="0.164"/>
  <testcase name="requestScopeWithProxiedTargetClass()" classname="org.springframework.context.annotation.scope.ClassPathBeanDefinitionScannerScopeIntegrationTests" time="0.026"/>
  <testcase name="singletonScopeIgnoresProxyTargetClass()" classname="org.springframework.context.annotation.scope.ClassPathBeanDefinitionScannerScopeIntegrationTests" time="0.036"/>
  <testcase name="requestScopeWithProxiedInterfaces()" classname="org.springframework.context.annotation.scope.ClassPathBeanDefinitionScannerScopeIntegrationTests" time="0.021"/>
  <testcase name="sessionScopeWithProxiedInterfaces()" classname="org.springframework.context.annotation.scope.ClassPathBeanDefinitionScannerScopeIntegrationTests" time="0.015"/>
  <system-out><![CDATA[17:36:19.665 [Test worker] DEBUG o.s.c.a.ClassPathBeanDefinitionScanner - Identified candidate component class: file [/Users/didi/Documents/workspace/idea/spring-framework/integration-tests/build/classes/java/test/org/springframework/context/annotation/scope/ClassPathBeanDefinitionScannerScopeIntegrationTests$RequestScopedTestBean.class]
17:36:19.667 [Test worker] DEBUG o.s.c.a.ClassPathBeanDefinitionScanner - Identified candidate component class: file [/Users/didi/Documents/workspace/idea/spring-framework/integration-tests/build/classes/java/test/org/springframework/context/annotation/scope/ClassPathBeanDefinitionScannerScopeIntegrationTests$SessionScopedTestBean.class]
17:36:19.668 [Test worker] DEBUG o.s.c.a.ClassPathBeanDefinitionScanner - Identified candidate component class: file [/Users/didi/Documents/workspace/idea/spring-framework/integration-tests/build/classes/java/test/org/springframework/context/annotation/scope/ClassPathBeanDefinitionScannerScopeIntegrationTests$SingletonScopedTestBean.class]
17:36:19.670 [Test worker] DEBUG o.s.c.a.ClassPathBeanDefinitionScanner - Identified candidate component class: file [/Users/didi/Documents/workspace/idea/spring-framework/integration-tests/build/classes/java/test/org/springframework/context/annotation/scope/ClassPathBeanDefinitionScannerScopeIntegrationTests$RequestScopedTestBean.class]
17:36:19.670 [Test worker] DEBUG o.s.c.a.ClassPathBeanDefinitionScanner - Identified candidate component class: file [/Users/didi/Documents/workspace/idea/spring-framework/integration-tests/build/classes/java/test/org/springframework/context/annotation/scope/ClassPathBeanDefinitionScannerScopeIntegrationTests$SessionScopedTestBean.class]
17:36:19.670 [Test worker] DEBUG o.s.c.a.ClassPathBeanDefinitionScanner - Identified candidate component class: file [/Users/didi/Documents/workspace/idea/spring-framework/integration-tests/build/classes/java/test/org/springframework/context/annotation/scope/ClassPathBeanDefinitionScannerScopeIntegrationTests$SingletonScopedTestBean.class]
17:36:19.670 [Test worker] DEBUG o.s.w.c.s.GenericWebApplicationContext - Refreshing org.springframework.web.context.support.GenericWebApplicationContext@5c6a5844
17:36:19.671 [Test worker] DEBUG o.s.u.c.s.UiApplicationContextUtils - Unable to locate ThemeSource with name 'themeSource': using default [org.springframework.ui.context.support.ResourceBundleThemeSource@5e746ab9]
17:36:19.671 [Test worker] DEBUG o.s.b.f.s.DefaultListableBeanFactory - Creating shared instance of singleton bean 'singleton'
17:36:19.676 [Test worker] DEBUG o.s.c.a.ClassPathBeanDefinitionScanner - Identified candidate component class: file [/Users/didi/Documents/workspace/idea/spring-framework/integration-tests/build/classes/java/test/org/springframework/context/annotation/scope/ClassPathBeanDefinitionScannerScopeIntegrationTests$RequestScopedTestBean.class]
17:36:19.676 [Test worker] DEBUG o.s.c.a.ClassPathBeanDefinitionScanner - Identified candidate component class: file [/Users/didi/Documents/workspace/idea/spring-framework/integration-tests/build/classes/java/test/org/springframework/context/annotation/scope/ClassPathBeanDefinitionScannerScopeIntegrationTests$SessionScopedTestBean.class]
17:36:19.677 [Test worker] DEBUG o.s.c.a.ClassPathBeanDefinitionScanner - Identified candidate component class: file [/Users/didi/Documents/workspace/idea/spring-framework/integration-tests/build/classes/java/test/org/springframework/context/annotation/scope/ClassPathBeanDefinitionScannerScopeIntegrationTests$SingletonScopedTestBean.class]
17:36:19.679 [Test worker] DEBUG o.s.c.a.ClassPathBeanDefinitionScanner - Identified candidate component class: file [/Users/didi/Documents/workspace/idea/spring-framework/integration-tests/build/classes/java/test/org/springframework/context/annotation/scope/ClassPathBeanDefinitionScannerScopeIntegrationTests$RequestScopedTestBean.class]
17:36:19.680 [Test worker] DEBUG o.s.c.a.ClassPathBeanDefinitionScanner - Identified candidate component class: file [/Users/didi/Documents/workspace/idea/spring-framework/integration-tests/build/classes/java/test/org/springframework/context/annotation/scope/ClassPathBeanDefinitionScannerScopeIntegrationTests$SessionScopedTestBean.class]
17:36:19.680 [Test worker] DEBUG o.s.c.a.ClassPathBeanDefinitionScanner - Identified candidate component class: file [/Users/didi/Documents/workspace/idea/spring-framework/integration-tests/build/classes/java/test/org/springframework/context/annotation/scope/ClassPathBeanDefinitionScannerScopeIntegrationTests$SingletonScopedTestBean.class]
17:36:19.681 [Test worker] DEBUG o.s.w.c.s.GenericWebApplicationContext - Refreshing org.springframework.web.context.support.GenericWebApplicationContext@28f46273
17:36:19.681 [Test worker] DEBUG o.s.u.c.s.UiApplicationContextUtils - Unable to locate ThemeSource with name 'themeSource': using default [org.springframework.ui.context.support.ResourceBundleThemeSource@4a9345f1]
17:36:19.681 [Test worker] DEBUG o.s.b.f.s.DefaultListableBeanFactory - Creating shared instance of singleton bean 'singleton'
17:36:19.686 [Test worker] DEBUG o.s.c.a.ClassPathBeanDefinitionScanner - Identified candidate component class: file [/Users/didi/Documents/workspace/idea/spring-framework/integration-tests/build/classes/java/test/org/springframework/context/annotation/scope/ClassPathBeanDefinitionScannerScopeIntegrationTests$RequestScopedTestBean.class]
17:36:19.687 [Test worker] DEBUG o.s.c.a.ClassPathBeanDefinitionScanner - Identified candidate component class: file [/Users/didi/Documents/workspace/idea/spring-framework/integration-tests/build/classes/java/test/org/springframework/context/annotation/scope/ClassPathBeanDefinitionScannerScopeIntegrationTests$SessionScopedTestBean.class]
17:36:19.687 [Test worker] DEBUG o.s.c.a.ClassPathBeanDefinitionScanner - Identified candidate component class: file [/Users/didi/Documents/workspace/idea/spring-framework/integration-tests/build/classes/java/test/org/springframework/context/annotation/scope/ClassPathBeanDefinitionScannerScopeIntegrationTests$SingletonScopedTestBean.class]
17:36:19.689 [Test worker] DEBUG o.s.c.a.ClassPathBeanDefinitionScanner - Identified candidate component class: file [/Users/didi/Documents/workspace/idea/spring-framework/integration-tests/build/classes/java/test/org/springframework/context/annotation/scope/ClassPathBeanDefinitionScannerScopeIntegrationTests$RequestScopedTestBean.class]
17:36:19.689 [Test worker] DEBUG o.s.c.a.ClassPathBeanDefinitionScanner - Identified candidate component class: file [/Users/didi/Documents/workspace/idea/spring-framework/integration-tests/build/classes/java/test/org/springframework/context/annotation/scope/ClassPathBeanDefinitionScannerScopeIntegrationTests$SessionScopedTestBean.class]
17:36:19.689 [Test worker] DEBUG o.s.c.a.ClassPathBeanDefinitionScanner - Identified candidate component class: file [/Users/didi/Documents/workspace/idea/spring-framework/integration-tests/build/classes/java/test/org/springframework/context/annotation/scope/ClassPathBeanDefinitionScannerScopeIntegrationTests$SingletonScopedTestBean.class]
17:36:19.689 [Test worker] DEBUG o.s.w.c.s.GenericWebApplicationContext - Refreshing org.springframework.web.context.support.GenericWebApplicationContext@69570873
17:36:19.690 [Test worker] DEBUG o.s.u.c.s.UiApplicationContextUtils - Unable to locate ThemeSource with name 'themeSource': using default [org.springframework.ui.context.support.ResourceBundleThemeSource@57f48f81]
17:36:19.690 [Test worker] DEBUG o.s.b.f.s.DefaultListableBeanFactory - Creating shared instance of singleton bean 'singleton'
17:36:19.709 [Test worker] DEBUG o.s.c.a.ClassPathBeanDefinitionScanner - Identified candidate component class: file [/Users/didi/Documents/workspace/idea/spring-framework/integration-tests/build/classes/java/test/org/springframework/context/annotation/scope/ClassPathBeanDefinitionScannerScopeIntegrationTests$RequestScopedTestBean.class]
17:36:19.709 [Test worker] DEBUG o.s.c.a.ClassPathBeanDefinitionScanner - Identified candidate component class: file [/Users/didi/Documents/workspace/idea/spring-framework/integration-tests/build/classes/java/test/org/springframework/context/annotation/scope/ClassPathBeanDefinitionScannerScopeIntegrationTests$SessionScopedTestBean.class]
17:36:19.710 [Test worker] DEBUG o.s.c.a.ClassPathBeanDefinitionScanner - Identified candidate component class: file [/Users/didi/Documents/workspace/idea/spring-framework/integration-tests/build/classes/java/test/org/springframework/context/annotation/scope/ClassPathBeanDefinitionScannerScopeIntegrationTests$SingletonScopedTestBean.class]
17:36:19.839 [Test worker] DEBUG o.s.c.a.ClassPathBeanDefinitionScanner - Identified candidate component class: file [/Users/didi/Documents/workspace/idea/spring-framework/integration-tests/build/classes/java/test/org/springframework/context/annotation/scope/ClassPathBeanDefinitionScannerScopeIntegrationTests$RequestScopedTestBean.class]
17:36:19.839 [Test worker] DEBUG o.s.c.a.ClassPathBeanDefinitionScanner - Identified candidate component class: file [/Users/didi/Documents/workspace/idea/spring-framework/integration-tests/build/classes/java/test/org/springframework/context/annotation/scope/ClassPathBeanDefinitionScannerScopeIntegrationTests$SessionScopedTestBean.class]
17:36:19.842 [Test worker] DEBUG o.s.c.a.ClassPathBeanDefinitionScanner - Identified candidate component class: file [/Users/didi/Documents/workspace/idea/spring-framework/integration-tests/build/classes/java/test/org/springframework/context/annotation/scope/ClassPathBeanDefinitionScannerScopeIntegrationTests$SingletonScopedTestBean.class]
17:36:19.842 [Test worker] DEBUG o.s.w.c.s.GenericWebApplicationContext - Refreshing org.springframework.web.context.support.GenericWebApplicationContext@1262ecd7
17:36:19.843 [Test worker] DEBUG o.s.u.c.s.UiApplicationContextUtils - Unable to locate ThemeSource with name 'themeSource': using default [org.springframework.ui.context.support.ResourceBundleThemeSource@74a4f29a]
17:36:19.843 [Test worker] DEBUG o.s.b.f.s.DefaultListableBeanFactory - Creating shared instance of singleton bean 'request'
17:36:19.851 [Test worker] DEBUG o.s.b.f.s.DefaultListableBeanFactory - Creating shared instance of singleton bean 'session'
17:36:19.858 [Test worker] DEBUG o.s.b.f.s.DefaultListableBeanFactory - Creating shared instance of singleton bean 'singleton'
17:36:19.893 [Test worker] DEBUG o.s.c.a.ClassPathBeanDefinitionScanner - Identified candidate component class: file [/Users/didi/Documents/workspace/idea/spring-framework/integration-tests/build/classes/java/test/org/springframework/context/annotation/scope/ClassPathBeanDefinitionScannerScopeIntegrationTests$RequestScopedTestBean.class]
17:36:19.894 [Test worker] DEBUG o.s.c.a.ClassPathBeanDefinitionScanner - Identified candidate component class: file [/Users/didi/Documents/workspace/idea/spring-framework/integration-tests/build/classes/java/test/org/springframework/context/annotation/scope/ClassPathBeanDefinitionScannerScopeIntegrationTests$SessionScopedTestBean.class]
17:36:19.894 [Test worker] DEBUG o.s.c.a.ClassPathBeanDefinitionScanner - Identified candidate component class: file [/Users/didi/Documents/workspace/idea/spring-framework/integration-tests/build/classes/java/test/org/springframework/context/annotation/scope/ClassPathBeanDefinitionScannerScopeIntegrationTests$SingletonScopedTestBean.class]
17:36:19.898 [Test worker] DEBUG o.s.c.a.ClassPathBeanDefinitionScanner - Identified candidate component class: file [/Users/didi/Documents/workspace/idea/spring-framework/integration-tests/build/classes/java/test/org/springframework/context/annotation/scope/ClassPathBeanDefinitionScannerScopeIntegrationTests$RequestScopedTestBean.class]
17:36:19.898 [Test worker] DEBUG o.s.c.a.ClassPathBeanDefinitionScanner - Identified candidate component class: file [/Users/didi/Documents/workspace/idea/spring-framework/integration-tests/build/classes/java/test/org/springframework/context/annotation/scope/ClassPathBeanDefinitionScannerScopeIntegrationTests$SessionScopedTestBean.class]
17:36:19.898 [Test worker] DEBUG o.s.c.a.ClassPathBeanDefinitionScanner - Identified candidate component class: file [/Users/didi/Documents/workspace/idea/spring-framework/integration-tests/build/classes/java/test/org/springframework/context/annotation/scope/ClassPathBeanDefinitionScannerScopeIntegrationTests$SingletonScopedTestBean.class]
17:36:19.900 [Test worker] DEBUG o.s.w.c.s.GenericWebApplicationContext - Refreshing org.springframework.web.context.support.GenericWebApplicationContext@e5f8180
17:36:19.902 [Test worker] DEBUG o.s.u.c.s.UiApplicationContextUtils - Unable to locate ThemeSource with name 'themeSource': using default [org.springframework.ui.context.support.ResourceBundleThemeSource@ad1488a]
17:36:19.902 [Test worker] DEBUG o.s.b.f.s.DefaultListableBeanFactory - Creating shared instance of singleton bean 'request'
17:36:20.053 [Test worker] DEBUG o.s.b.f.s.DefaultListableBeanFactory - Creating shared instance of singleton bean 'session'
17:36:20.053 [Test worker] DEBUG o.s.b.f.s.DefaultListableBeanFactory - Creating shared instance of singleton bean 'singleton'
17:36:20.058 [Test worker] DEBUG o.s.c.a.ClassPathBeanDefinitionScanner - Identified candidate component class: file [/Users/didi/Documents/workspace/idea/spring-framework/integration-tests/build/classes/java/test/org/springframework/context/annotation/scope/ClassPathBeanDefinitionScannerScopeIntegrationTests$RequestScopedTestBean.class]
17:36:20.058 [Test worker] DEBUG o.s.c.a.ClassPathBeanDefinitionScanner - Identified candidate component class: file [/Users/didi/Documents/workspace/idea/spring-framework/integration-tests/build/classes/java/test/org/springframework/context/annotation/scope/ClassPathBeanDefinitionScannerScopeIntegrationTests$SessionScopedTestBean.class]
17:36:20.059 [Test worker] DEBUG o.s.c.a.ClassPathBeanDefinitionScanner - Identified candidate component class: file [/Users/didi/Documents/workspace/idea/spring-framework/integration-tests/build/classes/java/test/org/springframework/context/annotation/scope/ClassPathBeanDefinitionScannerScopeIntegrationTests$SingletonScopedTestBean.class]
17:36:20.061 [Test worker] DEBUG o.s.c.a.ClassPathBeanDefinitionScanner - Identified candidate component class: file [/Users/didi/Documents/workspace/idea/spring-framework/integration-tests/build/classes/java/test/org/springframework/context/annotation/scope/ClassPathBeanDefinitionScannerScopeIntegrationTests$RequestScopedTestBean.class]
17:36:20.062 [Test worker] DEBUG o.s.c.a.ClassPathBeanDefinitionScanner - Identified candidate component class: file [/Users/didi/Documents/workspace/idea/spring-framework/integration-tests/build/classes/java/test/org/springframework/context/annotation/scope/ClassPathBeanDefinitionScannerScopeIntegrationTests$SessionScopedTestBean.class]
17:36:20.062 [Test worker] DEBUG o.s.c.a.ClassPathBeanDefinitionScanner - Identified candidate component class: file [/Users/didi/Documents/workspace/idea/spring-framework/integration-tests/build/classes/java/test/org/springframework/context/annotation/scope/ClassPathBeanDefinitionScannerScopeIntegrationTests$SingletonScopedTestBean.class]
17:36:20.063 [Test worker] DEBUG o.s.w.c.s.GenericWebApplicationContext - Refreshing org.springframework.web.context.support.GenericWebApplicationContext@572e8746
17:36:20.067 [Test worker] DEBUG o.s.u.c.s.UiApplicationContextUtils - Unable to locate ThemeSource with name 'themeSource': using default [org.springframework.ui.context.support.ResourceBundleThemeSource@550c5402]
17:36:20.067 [Test worker] DEBUG o.s.b.f.s.DefaultListableBeanFactory - Creating shared instance of singleton bean 'request'
17:36:20.071 [Test worker] DEBUG o.s.b.f.s.DefaultListableBeanFactory - Creating shared instance of singleton bean 'session'
17:36:20.071 [Test worker] DEBUG o.s.b.f.s.DefaultListableBeanFactory - Creating shared instance of singleton bean 'singleton'
17:36:20.085 [Test worker] DEBUG o.s.c.a.ClassPathBeanDefinitionScanner - Identified candidate component class: file [/Users/didi/Documents/workspace/idea/spring-framework/integration-tests/build/classes/java/test/org/springframework/context/annotation/scope/ClassPathBeanDefinitionScannerScopeIntegrationTests$RequestScopedTestBean.class]
17:36:20.085 [Test worker] DEBUG o.s.c.a.ClassPathBeanDefinitionScanner - Identified candidate component class: file [/Users/didi/Documents/workspace/idea/spring-framework/integration-tests/build/classes/java/test/org/springframework/context/annotation/scope/ClassPathBeanDefinitionScannerScopeIntegrationTests$SessionScopedTestBean.class]
17:36:20.086 [Test worker] DEBUG o.s.c.a.ClassPathBeanDefinitionScanner - Identified candidate component class: file [/Users/didi/Documents/workspace/idea/spring-framework/integration-tests/build/classes/java/test/org/springframework/context/annotation/scope/ClassPathBeanDefinitionScannerScopeIntegrationTests$SingletonScopedTestBean.class]
17:36:20.107 [Test worker] DEBUG o.s.c.a.ClassPathBeanDefinitionScanner - Identified candidate component class: file [/Users/didi/Documents/workspace/idea/spring-framework/integration-tests/build/classes/java/test/org/springframework/context/annotation/scope/ClassPathBeanDefinitionScannerScopeIntegrationTests$RequestScopedTestBean.class]
17:36:20.108 [Test worker] DEBUG o.s.c.a.ClassPathBeanDefinitionScanner - Identified candidate component class: file [/Users/didi/Documents/workspace/idea/spring-framework/integration-tests/build/classes/java/test/org/springframework/context/annotation/scope/ClassPathBeanDefinitionScannerScopeIntegrationTests$SessionScopedTestBean.class]
17:36:20.109 [Test worker] DEBUG o.s.c.a.ClassPathBeanDefinitionScanner - Identified candidate component class: file [/Users/didi/Documents/workspace/idea/spring-framework/integration-tests/build/classes/java/test/org/springframework/context/annotation/scope/ClassPathBeanDefinitionScannerScopeIntegrationTests$SingletonScopedTestBean.class]
17:36:20.109 [Test worker] DEBUG o.s.w.c.s.GenericWebApplicationContext - Refreshing org.springframework.web.context.support.GenericWebApplicationContext@49467f84
17:36:20.110 [Test worker] DEBUG o.s.u.c.s.UiApplicationContextUtils - Unable to locate ThemeSource with name 'themeSource': using default [org.springframework.ui.context.support.ResourceBundleThemeSource@6da53eae]
17:36:20.111 [Test worker] DEBUG o.s.b.f.s.DefaultListableBeanFactory - Creating shared instance of singleton bean 'request'
17:36:20.117 [Test worker] DEBUG o.s.b.f.s.DefaultListableBeanFactory - Creating shared instance of singleton bean 'session'
17:36:20.117 [Test worker] DEBUG o.s.b.f.s.DefaultListableBeanFactory - Creating shared instance of singleton bean 'singleton'
17:36:20.124 [Test worker] DEBUG o.s.c.a.ClassPathBeanDefinitionScanner - Identified candidate component class: file [/Users/didi/Documents/workspace/idea/spring-framework/integration-tests/build/classes/java/test/org/springframework/context/annotation/scope/ClassPathBeanDefinitionScannerScopeIntegrationTests$RequestScopedTestBean.class]
17:36:20.125 [Test worker] DEBUG o.s.c.a.ClassPathBeanDefinitionScanner - Identified candidate component class: file [/Users/didi/Documents/workspace/idea/spring-framework/integration-tests/build/classes/java/test/org/springframework/context/annotation/scope/ClassPathBeanDefinitionScannerScopeIntegrationTests$SessionScopedTestBean.class]
17:36:20.126 [Test worker] DEBUG o.s.c.a.ClassPathBeanDefinitionScanner - Identified candidate component class: file [/Users/didi/Documents/workspace/idea/spring-framework/integration-tests/build/classes/java/test/org/springframework/context/annotation/scope/ClassPathBeanDefinitionScannerScopeIntegrationTests$SingletonScopedTestBean.class]
17:36:20.132 [Test worker] DEBUG o.s.c.a.ClassPathBeanDefinitionScanner - Identified candidate component class: file [/Users/didi/Documents/workspace/idea/spring-framework/integration-tests/build/classes/java/test/org/springframework/context/annotation/scope/ClassPathBeanDefinitionScannerScopeIntegrationTests$RequestScopedTestBean.class]
17:36:20.133 [Test worker] DEBUG o.s.c.a.ClassPathBeanDefinitionScanner - Identified candidate component class: file [/Users/didi/Documents/workspace/idea/spring-framework/integration-tests/build/classes/java/test/org/springframework/context/annotation/scope/ClassPathBeanDefinitionScannerScopeIntegrationTests$SessionScopedTestBean.class]
17:36:20.134 [Test worker] DEBUG o.s.c.a.ClassPathBeanDefinitionScanner - Identified candidate component class: file [/Users/didi/Documents/workspace/idea/spring-framework/integration-tests/build/classes/java/test/org/springframework/context/annotation/scope/ClassPathBeanDefinitionScannerScopeIntegrationTests$SingletonScopedTestBean.class]
17:36:20.134 [Test worker] DEBUG o.s.w.c.s.GenericWebApplicationContext - Refreshing org.springframework.web.context.support.GenericWebApplicationContext@61efdca
17:36:20.136 [Test worker] DEBUG o.s.u.c.s.UiApplicationContextUtils - Unable to locate ThemeSource with name 'themeSource': using default [org.springframework.ui.context.support.ResourceBundleThemeSource@e38279f]
17:36:20.136 [Test worker] DEBUG o.s.b.f.s.DefaultListableBeanFactory - Creating shared instance of singleton bean 'request'
17:36:20.138 [Test worker] DEBUG o.s.b.f.s.DefaultListableBeanFactory - Creating shared instance of singleton bean 'session'
17:36:20.138 [Test worker] DEBUG o.s.b.f.s.DefaultListableBeanFactory - Creating shared instance of singleton bean 'singleton'
17:36:20.145 [Test worker] DEBUG o.s.c.a.ClassPathBeanDefinitionScanner - Identified candidate component class: file [/Users/didi/Documents/workspace/idea/spring-framework/integration-tests/build/classes/java/test/org/springframework/context/annotation/scope/ClassPathBeanDefinitionScannerScopeIntegrationTests$RequestScopedTestBean.class]
17:36:20.145 [Test worker] DEBUG o.s.c.a.ClassPathBeanDefinitionScanner - Identified candidate component class: file [/Users/didi/Documents/workspace/idea/spring-framework/integration-tests/build/classes/java/test/org/springframework/context/annotation/scope/ClassPathBeanDefinitionScannerScopeIntegrationTests$SessionScopedTestBean.class]
17:36:20.146 [Test worker] DEBUG o.s.c.a.ClassPathBeanDefinitionScanner - Identified candidate component class: file [/Users/didi/Documents/workspace/idea/spring-framework/integration-tests/build/classes/java/test/org/springframework/context/annotation/scope/ClassPathBeanDefinitionScannerScopeIntegrationTests$SingletonScopedTestBean.class]
17:36:20.149 [Test worker] DEBUG o.s.c.a.ClassPathBeanDefinitionScanner - Identified candidate component class: file [/Users/didi/Documents/workspace/idea/spring-framework/integration-tests/build/classes/java/test/org/springframework/context/annotation/scope/ClassPathBeanDefinitionScannerScopeIntegrationTests$RequestScopedTestBean.class]
17:36:20.150 [Test worker] DEBUG o.s.c.a.ClassPathBeanDefinitionScanner - Identified candidate component class: file [/Users/didi/Documents/workspace/idea/spring-framework/integration-tests/build/classes/java/test/org/springframework/context/annotation/scope/ClassPathBeanDefinitionScannerScopeIntegrationTests$SessionScopedTestBean.class]
17:36:20.151 [Test worker] DEBUG o.s.c.a.ClassPathBeanDefinitionScanner - Identified candidate component class: file [/Users/didi/Documents/workspace/idea/spring-framework/integration-tests/build/classes/java/test/org/springframework/context/annotation/scope/ClassPathBeanDefinitionScannerScopeIntegrationTests$SingletonScopedTestBean.class]
17:36:20.151 [Test worker] DEBUG o.s.w.c.s.GenericWebApplicationContext - Refreshing org.springframework.web.context.support.GenericWebApplicationContext@133f7cd9
17:36:20.152 [Test worker] DEBUG o.s.u.c.s.UiApplicationContextUtils - Unable to locate ThemeSource with name 'themeSource': using default [org.springframework.ui.context.support.ResourceBundleThemeSource@e59045c]
17:36:20.153 [Test worker] DEBUG o.s.b.f.s.DefaultListableBeanFactory - Creating shared instance of singleton bean 'request'
17:36:20.154 [Test worker] DEBUG o.s.b.f.s.DefaultListableBeanFactory - Creating shared instance of singleton bean 'session'
17:36:20.155 [Test worker] DEBUG o.s.b.f.s.DefaultListableBeanFactory - Creating shared instance of singleton bean 'singleton'
]]></system-out>
  <system-err><![CDATA[]]></system-err>
</testsuite>
