<?xml version="1.0" encoding="UTF-8"?>
<testsuite name="org.springframework.expression.spel.support.Spr7538Tests" tests="1" skipped="0" failures="0" errors="0" timestamp="2020-06-08T09:36:21" hostname="bogon" time="0.282">
  <properties/>
  <testcase name="repro()" classname="org.springframework.expression.spel.support.Spr7538Tests" time="0.282"/>
  <system-out><![CDATA[Result: TypedValue: 'true' of [java.lang.Boolean]
]]></system-out>
  <system-err><![CDATA[]]></system-err>
</testsuite>
